<?xml version="1.0" encoding="UTF-8"?>
<!-- Generated by org.testng.reporters.JUnitReportReporter -->
<testsuite hostname="LAPTOP-N9575GUA" failures="0" tests="9" name="finalProject_zapGuitars.navigateToGuitars" time="90.563" errors="0" timestamp="2021-02-25T15:13:50 IST" skipped="0">
  <testcase classname="finalProject_zapGuitars.navigateToGuitars" name="searchBox_guitar_searchbutton" time="11.839"/>
  <system-out/>
  <testcase classname="finalProject_zapGuitars.navigateToGuitars" name="searchBox_guitar_enter" time="9.185"/>
  <system-out/>
  <testcase classname="finalProject_zapGuitars.navigateToGuitars" name="searchBox_guitars_searchbutton" time="9.837"/>
  <system-out/>
  <testcase classname="finalProject_zapGuitars.navigateToGuitars" name="searchBox_guitars_enter" time="9.310"/>
  <system-out/>
  <testcase classname="finalProject_zapGuitars.navigateToGuitars" name="allCategories" time="8.227"/>
  <system-out/>
  <testcase classname="finalProject_zapGuitars.navigateToGuitars" name="mainSportAndLeisure" time="8.717"/>
  <system-out/>
  <testcase classname="finalProject_zapGuitars.navigateToGuitars" name="allCategoriesPage" time="11.879"/>
  <system-out/>
  <testcase classname="finalProject_zapGuitars.navigateToGuitars" name="sideSportAndLeisure" time="11.246"/>
  <system-out/>
  <testcase classname="finalProject_zapGuitars.navigateToGuitars" name="sideMenuMorebutton" time="10.323"/>
  <system-out/>
</testsuite> <!-- finalProject_zapGuitars.navigateToGuitars -->
