<?xml version="1.0" encoding="UTF-8"?>
<!-- Generated by org.testng.reporters.JUnitReportReporter -->
<testsuite hostname="LAPTOP-N9575GUA" failures="0" tests="4" name="finalProject_zapGuitars.filtersTest" time="23.846" errors="0" timestamp="2021-01-21T14:32:19 IST" skipped="0">
  <testcase classname="finalProject_zapGuitars.filtersTest" name="yamahaFilter" time="14.875"/>
  <system-out/>
  <testcase classname="finalProject_zapGuitars.filtersTest" name="classicGuitarFilter" time="4.532"/>
  <system-out/>
  <testcase classname="finalProject_zapGuitars.filtersTest" name="priceFilter" time="2.242"/>
  <system-out/>
  <testcase classname="finalProject_zapGuitars.filtersTest" name="removingOneFilter" time="2.197"/>
  <system-out/>
</testsuite> <!-- finalProject_zapGuitars.filtersTest -->
