<?xml version="1.0" encoding="UTF-8"?>
<!-- Generated by org.testng.reporters.JUnitReportReporter -->
<testsuite hostname="LAPTOP-N9575GUA" failures="0" tests="4" name="finalProject_zapGuitars.navigateToGuitars" time="34.837" errors="0" timestamp="2021-01-14T13:48:06 IST" skipped="0">
  <testcase classname="finalProject_zapGuitars.navigateToGuitars" name="searchBox_guitar" time="9.767"/>
  <system-out/>
  <testcase classname="finalProject_zapGuitars.navigateToGuitars" name="searchBox_guitars" time="7.800"/>
  <system-out/>
  <testcase classname="finalProject_zapGuitars.navigateToGuitars" name="sportAndLeisure" time="7.955"/>
  <system-out/>
  <testcase classname="finalProject_zapGuitars.navigateToGuitars" name="allCategories" time="9.315"/>
  <system-out/>
</testsuite> <!-- finalProject_zapGuitars.navigateToGuitars -->
