<?xml version="1.0" encoding="UTF-8"?>
<!-- Generated by org.testng.reporters.JUnitReportReporter -->
<testsuite hostname="LAPTOP-N9575GUA" failures="0" tests="7" name="finalProject_zapGuitars.oneProductPage" time="36.903" errors="0" timestamp="2021-02-25T15:13:50 IST" skipped="0">
  <testcase classname="finalProject_zapGuitars.oneProductPage" name="productHeadlineLink" time="6.065"/>
  <system-out/>
  <testcase classname="finalProject_zapGuitars.oneProductPage" name="productMoreDetails" time="9.253"/>
  <system-out/>
  <testcase classname="finalProject_zapGuitars.oneProductPage" name="productReviews" time="5.058"/>
  <system-out/>
  <testcase classname="finalProject_zapGuitars.oneProductPage" name="productPriceComparison" time="4.041"/>
  <system-out/>
  <testcase classname="finalProject_zapGuitars.oneProductPage" name="localStore" time="4.398"/>
  <system-out/>
  <testcase classname="finalProject_zapGuitars.oneProductPage" name="techSpec" time="4.375"/>
  <system-out/>
  <testcase classname="finalProject_zapGuitars.oneProductPage" name="userReviews" time="3.713"/>
  <system-out/>
</testsuite> <!-- finalProject_zapGuitars.oneProductPage -->
