<?xml version="1.0" encoding="UTF-8"?>
<!-- Generated by org.testng.reporters.JUnitReportReporter -->
<testsuite hostname="LAPTOP-N9575GUA" failures="0" tests="7" name="finalProject_zapGuitars.oneProductPage" time="45.701" errors="0" timestamp="2021-02-25T21:55:14 IST" skipped="0">
  <testcase classname="finalProject_zapGuitars.oneProductPage" name="productHeadlineLink" time="9.631"/>
  <system-out/>
  <testcase classname="finalProject_zapGuitars.oneProductPage" name="productMoreDetails" time="9.058"/>
  <system-out/>
  <testcase classname="finalProject_zapGuitars.oneProductPage" name="productReviews" time="8.470"/>
  <system-out/>
  <testcase classname="finalProject_zapGuitars.oneProductPage" name="productPriceComparison" time="4.478"/>
  <system-out/>
  <testcase classname="finalProject_zapGuitars.oneProductPage" name="localStore" time="5.279"/>
  <system-out/>
  <testcase classname="finalProject_zapGuitars.oneProductPage" name="techSpec" time="4.473"/>
  <system-out/>
  <testcase classname="finalProject_zapGuitars.oneProductPage" name="userReviews" time="4.312"/>
  <system-out/>
</testsuite> <!-- finalProject_zapGuitars.oneProductPage -->
