<?xml version="1.0" encoding="UTF-8"?>
<!-- Generated by org.testng.reporters.JUnitReportReporter -->
<testsuite hostname="LAPTOP-N9575GUA" failures="0" tests="4" name="finalProject_zapGuitars.filtersTest" time="136.089" errors="0" timestamp="2021-02-25T21:55:14 IST" skipped="0">
  <testcase classname="finalProject_zapGuitars.filtersTest" name="yamahaFilter" time="47.044"/>
  <system-out/>
  <testcase classname="finalProject_zapGuitars.filtersTest" name="classicGuitarFilter" time="26.581"/>
  <system-out/>
  <testcase classname="finalProject_zapGuitars.filtersTest" name="priceFilter" time="26.308"/>
  <system-out/>
  <testcase classname="finalProject_zapGuitars.filtersTest" name="removingOneFilter" time="36.156"/>
  <system-out/>
</testsuite> <!-- finalProject_zapGuitars.filtersTest -->
