<?xml version="1.0" encoding="UTF-8"?>
<!-- Generated by org.testng.reporters.JUnitReportReporter -->
<testsuite hostname="LAPTOP-N9575GUA" failures="0" tests="2" name="finalProject_zapGuitars.multiChoiceWinTest" time="3.854" errors="0" timestamp="2021-01-19T16:16:43 IST" skipped="0">
  <testcase classname="finalProject_zapGuitars.multiChoiceWinTest" name="yamahaFilter" time="3.853"/>
  <system-out/>
  <testcase classname="finalProject_zapGuitars.multiChoiceWinTest" name="test2" time="0.001"/>
  <system-out/>
</testsuite> <!-- finalProject_zapGuitars.multiChoiceWinTest -->
