<?xml version="1.0" encoding="UTF-8"?>
<!-- Generated by org.testng.reporters.JUnitReportReporter -->
<testsuite hostname="LAPTOP-N9575GUA" failures="0" tests="4" name="finalProject_zapGuitars.filtersTest" time="108.394" errors="0" timestamp="2021-02-25T15:13:50 IST" skipped="0">
  <testcase classname="finalProject_zapGuitars.filtersTest" name="yamahaFilter" time="23.897"/>
  <system-out/>
  <testcase classname="finalProject_zapGuitars.filtersTest" name="classicGuitarFilter" time="24.715"/>
  <system-out/>
  <testcase classname="finalProject_zapGuitars.filtersTest" name="priceFilter" time="24.624"/>
  <system-out/>
  <testcase classname="finalProject_zapGuitars.filtersTest" name="removingOneFilter" time="35.158"/>
  <system-out/>
</testsuite> <!-- finalProject_zapGuitars.filtersTest -->
