<?xml version="1.0" encoding="UTF-8"?>
<!-- Generated by org.testng.reporters.JUnitReportReporter -->
<testsuite hostname="LAPTOP-N9575GUA" failures="0" tests="7" name="finalProject_zapGuitars.oneProductPage" time="34.798" errors="0" timestamp="2021-02-23T09:35:24 IST" skipped="0">
  <testcase classname="finalProject_zapGuitars.oneProductPage" name="productHeadlineLink" time="4.112"/>
  <system-out/>
  <testcase classname="finalProject_zapGuitars.oneProductPage" name="productMoreDetails" time="5.745"/>
  <system-out/>
  <testcase classname="finalProject_zapGuitars.oneProductPage" name="productReviews" time="8.852"/>
  <system-out/>
  <testcase classname="finalProject_zapGuitars.oneProductPage" name="productPriceComparison" time="3.713"/>
  <system-out/>
  <testcase classname="finalProject_zapGuitars.oneProductPage" name="localStore" time="4.762"/>
  <system-out/>
  <testcase classname="finalProject_zapGuitars.oneProductPage" name="techSpec" time="3.812"/>
  <system-out/>
  <testcase classname="finalProject_zapGuitars.oneProductPage" name="userReviews" time="3.802"/>
  <system-out/>
</testsuite> <!-- finalProject_zapGuitars.oneProductPage -->
