<?xml version="1.0" encoding="UTF-8"?>
<!-- Generated by org.testng.reporters.JUnitReportReporter -->
<testsuite hostname="LAPTOP-N9575GUA" failures="0" tests="7" name="finalProject_zapGuitars.oneProductPage" time="36.487" errors="0" timestamp="2021-02-23T10:14:33 IST" skipped="0">
  <testcase classname="finalProject_zapGuitars.oneProductPage" name="productHeadlineLink" time="6.883"/>
  <system-out/>
  <testcase classname="finalProject_zapGuitars.oneProductPage" name="productMoreDetails" time="6.303"/>
  <system-out/>
  <testcase classname="finalProject_zapGuitars.oneProductPage" name="productReviews" time="6.139"/>
  <system-out/>
  <testcase classname="finalProject_zapGuitars.oneProductPage" name="productPriceComparison" time="4.627"/>
  <system-out/>
  <testcase classname="finalProject_zapGuitars.oneProductPage" name="localStore" time="4.496"/>
  <system-out/>
  <testcase classname="finalProject_zapGuitars.oneProductPage" name="techSpec" time="3.883"/>
  <system-out/>
  <testcase classname="finalProject_zapGuitars.oneProductPage" name="userReviews" time="4.156"/>
  <system-out/>
</testsuite> <!-- finalProject_zapGuitars.oneProductPage -->
