<?xml version="1.0" encoding="UTF-8"?>
<!-- Generated by org.testng.reporters.JUnitReportReporter -->
<testsuite hostname="LAPTOP-N9575GUA" failures="0" tests="5" name="finalProject_zapGuitars.multiChoiceWindow" time="24.072" errors="0" timestamp="2021-01-22T13:08:38 IST" skipped="0">
  <testcase classname="finalProject_zapGuitars.multiChoiceWindow" name="openMultiChoiceWindow" time="2.110"/>
  <system-out/>
  <testcase classname="finalProject_zapGuitars.multiChoiceWindow" name="chooseOneFilter" time="1.102"/>
  <system-out/>
  <testcase classname="finalProject_zapGuitars.multiChoiceWindow" name="oneFilterOnly" time="12.173"/>
  <system-out/>
  <testcase classname="finalProject_zapGuitars.multiChoiceWindow" name="alphabeticalOrder" time="5.773"/>
  <system-out/>
  <testcase classname="finalProject_zapGuitars.multiChoiceWindow" name="numericalOrder" time="2.914"/>
  <system-out/>
</testsuite> <!-- finalProject_zapGuitars.multiChoiceWindow -->
