<?xml version="1.0" encoding="UTF-8"?>
<!-- Generated by org.testng.reporters.JUnitReportReporter -->
<testsuite hostname="LAPTOP-N9575GUA" failures="0" tests="4" name="finalProject_zapGuitars.filtersTest" time="110.191" errors="0" timestamp="2021-02-23T09:35:24 IST" skipped="0">
  <testcase classname="finalProject_zapGuitars.filtersTest" name="yamahaFilter" time="24.895"/>
  <system-out/>
  <testcase classname="finalProject_zapGuitars.filtersTest" name="classicGuitarFilter" time="25.247"/>
  <system-out/>
  <testcase classname="finalProject_zapGuitars.filtersTest" name="priceFilter" time="25.638"/>
  <system-out/>
  <testcase classname="finalProject_zapGuitars.filtersTest" name="removingOneFilter" time="34.411"/>
  <system-out/>
</testsuite> <!-- finalProject_zapGuitars.filtersTest -->
