<?xml version="1.0" encoding="UTF-8"?>
<!-- Generated by org.testng.reporters.JUnitReportReporter -->
<testsuite hostname="LAPTOP-N9575GUA" failures="0" tests="2" name="finalProject_zapGuitars.javaTask" time="11.385" errors="0" timestamp="2021-02-17T10:33:03 IST" skipped="0">
  <testcase classname="finalProject_zapGuitars.javaTask" name="productMoreDetails" time="4.918"/>
  <system-out/>
  <testcase classname="finalProject_zapGuitars.javaTask" name="techSpec" time="6.467"/>
  <system-out/>
</testsuite> <!-- finalProject_zapGuitars.javaTask -->
