<?xml version="1.0" encoding="UTF-8"?>
<!-- Generated by org.testng.reporters.JUnitReportReporter -->
<testsuite hostname="LAPTOP-N9575GUA" failures="0" tests="9" name="finalProject_zapGuitars.navigateToGuitars" time="82.850" errors="0" timestamp="2021-02-17T11:02:45 IST" skipped="0">
  <testcase classname="finalProject_zapGuitars.navigateToGuitars" name="searchBox_guitar_searchbutton" time="11.761"/>
  <system-out/>
  <testcase classname="finalProject_zapGuitars.navigateToGuitars" name="searchBox_guitar_enter" time="9.451"/>
  <system-out/>
  <testcase classname="finalProject_zapGuitars.navigateToGuitars" name="searchBox_guitars_searchbutton" time="9.816"/>
  <system-out/>
  <testcase classname="finalProject_zapGuitars.navigateToGuitars" name="searchBox_guitars_enter" time="9.168"/>
  <system-out/>
  <testcase classname="finalProject_zapGuitars.navigateToGuitars" name="allCategories" time="9.163"/>
  <system-out/>
  <testcase classname="finalProject_zapGuitars.navigateToGuitars" name="mainSportAndLeisure" time="8.407"/>
  <system-out/>
  <testcase classname="finalProject_zapGuitars.navigateToGuitars" name="sideSportAndLeisure" time="8.926"/>
  <system-out/>
  <testcase classname="finalProject_zapGuitars.navigateToGuitars" name="sideMenuMorebutton" time="8.918"/>
  <system-out/>
  <testcase classname="finalProject_zapGuitars.navigateToGuitars" name="allCategoriesPage" time="7.240"/>
  <system-out/>
</testsuite> <!-- finalProject_zapGuitars.navigateToGuitars -->
