<?xml version="1.0" encoding="UTF-8"?>
<!-- Generated by org.testng.reporters.JUnitReportReporter -->
<testsuite hostname="LAPTOP-N9575GUA" failures="0" tests="9" name="finalProject_zapGuitars.navigateToGuitars" time="96.895" errors="0" timestamp="2021-02-23T10:14:33 IST" skipped="0">
  <testcase classname="finalProject_zapGuitars.navigateToGuitars" name="searchBox_guitar_searchbutton" time="14.871"/>
  <system-out/>
  <testcase classname="finalProject_zapGuitars.navigateToGuitars" name="searchBox_guitar_enter" time="11.654"/>
  <system-out/>
  <testcase classname="finalProject_zapGuitars.navigateToGuitars" name="searchBox_guitars_searchbutton" time="11.501"/>
  <system-out/>
  <testcase classname="finalProject_zapGuitars.navigateToGuitars" name="searchBox_guitars_enter" time="10.671"/>
  <system-out/>
  <testcase classname="finalProject_zapGuitars.navigateToGuitars" name="allCategories" time="8.315"/>
  <system-out/>
  <testcase classname="finalProject_zapGuitars.navigateToGuitars" name="mainSportAndLeisure" time="7.772"/>
  <system-out/>
  <testcase classname="finalProject_zapGuitars.navigateToGuitars" name="allCategoriesPage" time="11.038"/>
  <system-out/>
  <testcase classname="finalProject_zapGuitars.navigateToGuitars" name="sideSportAndLeisure" time="10.762"/>
  <system-out/>
  <testcase classname="finalProject_zapGuitars.navigateToGuitars" name="sideMenuMorebutton" time="10.311"/>
  <system-out/>
</testsuite> <!-- finalProject_zapGuitars.navigateToGuitars -->
