<?xml version="1.0" encoding="UTF-8"?>
<!-- Generated by org.testng.reporters.JUnitReportReporter -->
<testsuite hostname="LAPTOP-N9575GUA" failures="0" tests="9" name="finalProject_zapGuitars.navigateToGuitars" time="126.942" errors="0" timestamp="2021-02-25T21:55:14 IST" skipped="0">
  <testcase classname="finalProject_zapGuitars.navigateToGuitars" name="searchBox_guitar_searchbutton" time="15.353"/>
  <system-out/>
  <testcase classname="finalProject_zapGuitars.navigateToGuitars" name="searchBox_guitar_enter" time="11.810"/>
  <system-out/>
  <testcase classname="finalProject_zapGuitars.navigateToGuitars" name="searchBox_guitars_searchbutton" time="12.816"/>
  <system-out/>
  <testcase classname="finalProject_zapGuitars.navigateToGuitars" name="searchBox_guitars_enter" time="10.513"/>
  <system-out/>
  <testcase classname="finalProject_zapGuitars.navigateToGuitars" name="allCategories" time="17.040"/>
  <system-out/>
  <testcase classname="finalProject_zapGuitars.navigateToGuitars" name="mainSportAndLeisure" time="10.997"/>
  <system-out/>
  <testcase classname="finalProject_zapGuitars.navigateToGuitars" name="allCategoriesPage" time="17.218"/>
  <system-out/>
  <testcase classname="finalProject_zapGuitars.navigateToGuitars" name="sideSportAndLeisure" time="14.761"/>
  <system-out/>
  <testcase classname="finalProject_zapGuitars.navigateToGuitars" name="sideMenuMorebutton" time="16.434"/>
  <system-out/>
</testsuite> <!-- finalProject_zapGuitars.navigateToGuitars -->
