<?xml version="1.0" encoding="UTF-8"?>
<!-- Generated by org.testng.reporters.JUnitReportReporter -->
<testsuite hostname="LAPTOP-N9575GUA" failures="2" tests="21" name="finalProject_zapGuitars.footerTest" time="131.300" errors="0" timestamp="2021-01-12T16:53:59 IST" skipped="0">
  <testcase classname="finalProject_zapGuitars.footerTest" name="aboutLinkTest" time="6.087"/>
  <system-out/>
  <testcase classname="finalProject_zapGuitars.footerTest" name="termsLink" time="6.693"/>
  <system-out/>
  <testcase classname="finalProject_zapGuitars.footerTest" name="personalAreaLink" time="5.578"/>
  <system-out/>
  <testcase classname="finalProject_zapGuitars.footerTest" name="contactLink" time="6.076"/>
  <system-out/>
  <testcase classname="finalProject_zapGuitars.footerTest" name="QnALink" time="5.204"/>
  <system-out/>
  <testcase classname="finalProject_zapGuitars.footerTest" name="shopGuideLink" time="11.261"/>
  <system-out/>
  <testcase classname="finalProject_zapGuitars.footerTest" name="priceDropLink" time="5.476"/>
  <system-out/>
  <testcase classname="finalProject_zapGuitars.footerTest" name="allCategoriesLink" time="5.582"/>
  <system-out/>
  <testcase classname="finalProject_zapGuitars.footerTest" name="reviewsLink" time="5.597"/>
  <system-out/>
  <testcase classname="finalProject_zapGuitars.footerTest" name="logInLink" time="3.509"/>
  <system-out/>
  <testcase classname="finalProject_zapGuitars.footerTest" name="shopingILLink" time="6.382"/>
  <system-out/>
  <testcase classname="finalProject_zapGuitars.footerTest" name="addYourShopLink" time="5.273"/>
  <system-out/>
  <testcase classname="finalProject_zapGuitars.footerTest" name="adLink" time="5.734"/>
  <system-out/>
  <testcase classname="finalProject_zapGuitars.footerTest" name="shopsAndImportsLink" time="4.310"/>
  <system-out/>
  <testcase classname="finalProject_zapGuitars.footerTest" name="adInterfaceLink" time="4.338">
    <failure message="Advertising interface Link title incorrect expected [true] but found [false]" type="java.lang.AssertionError">
      <![CDATA[java.lang.AssertionError: Advertising interface Link title incorrect expected [true] but found [false]
at org.testng.Assert.fail(Assert.java:97)
at org.testng.Assert.assertEqualsImpl(Assert.java:136)
at org.testng.Assert.assertEquals(Assert.java:118)
at org.testng.Assert.assertEquals(Assert.java:751)
at finalProject_zapGuitars.footerTest.adInterfaceLink(footerTest.java:370)
at java.base/jdk.internal.reflect.NativeMethodAccessorImpl.invoke0(Native Method)
at java.base/jdk.internal.reflect.NativeMethodAccessorImpl.invoke(NativeMethodAccessorImpl.java:64)
at java.base/jdk.internal.reflect.DelegatingMethodAccessorImpl.invoke(DelegatingMethodAccessorImpl.java:43)
at java.base/java.lang.reflect.Method.invoke(Method.java:564)
at org.testng.internal.MethodInvocationHelper.invokeMethod(MethodInvocationHelper.java:134)
at org.testng.internal.TestInvoker.invokeMethod(TestInvoker.java:597)
at org.testng.internal.TestInvoker.invokeTestMethod(TestInvoker.java:173)
at org.testng.internal.MethodRunner.runInSequence(MethodRunner.java:46)
at org.testng.internal.TestInvoker$MethodInvocationAgent.invoke(TestInvoker.java:816)
at org.testng.internal.TestInvoker.invokeTestMethods(TestInvoker.java:146)
at org.testng.internal.TestMethodWorker.invokeTestMethods(TestMethodWorker.java:146)
at org.testng.internal.TestMethodWorker.run(TestMethodWorker.java:128)
at java.base/java.util.ArrayList.forEach(ArrayList.java:1511)
at org.testng.TestRunner.privateRun(TestRunner.java:766)
at org.testng.TestRunner.run(TestRunner.java:587)
at org.testng.SuiteRunner.runTest(SuiteRunner.java:384)
at org.testng.SuiteRunner.runSequentially(SuiteRunner.java:378)
at org.testng.SuiteRunner.privateRun(SuiteRunner.java:337)
at org.testng.SuiteRunner.run(SuiteRunner.java:286)
at org.testng.SuiteRunnerWorker.runSuite(SuiteRunnerWorker.java:53)
at org.testng.SuiteRunnerWorker.run(SuiteRunnerWorker.java:96)
at org.testng.TestNG.runSuitesSequentially(TestNG.java:1187)
at org.testng.TestNG.runSuitesLocally(TestNG.java:1109)
at org.testng.TestNG.runSuites(TestNG.java:1039)
at org.testng.TestNG.run(TestNG.java:1007)
at org.testng.remote.AbstractRemoteTestNG.run(AbstractRemoteTestNG.java:115)
at org.testng.remote.RemoteTestNG.initAndRun(RemoteTestNG.java:251)
at org.testng.remote.RemoteTestNG.main(RemoteTestNG.java:77)
]]>
    </failure>
  </testcase> <!-- adInterfaceLink -->
  <system-out/>
  <testcase classname="finalProject_zapGuitars.footerTest" name="tourismLink" time="7.489"/>
  <system-out/>
  <testcase classname="finalProject_zapGuitars.footerTest" name="supermarketLink" time="9.036"/>
  <system-out/>
  <testcase classname="finalProject_zapGuitars.footerTest" name="dailyDealsLink" time="7.083"/>
  <system-out/>
  <testcase classname="finalProject_zapGuitars.footerTest" name="tavoLink" time="7.074">
    <failure message="Tavo Link title incorrect expected [true] but found [false]" type="java.lang.AssertionError">
      <![CDATA[java.lang.AssertionError: Tavo Link title incorrect expected [true] but found [false]
at org.testng.Assert.fail(Assert.java:97)
at org.testng.Assert.assertEqualsImpl(Assert.java:136)
at org.testng.Assert.assertEquals(Assert.java:118)
at org.testng.Assert.assertEquals(Assert.java:751)
at finalProject_zapGuitars.footerTest.tavoLink(footerTest.java:460)
at java.base/jdk.internal.reflect.NativeMethodAccessorImpl.invoke0(Native Method)
at java.base/jdk.internal.reflect.NativeMethodAccessorImpl.invoke(NativeMethodAccessorImpl.java:64)
at java.base/jdk.internal.reflect.DelegatingMethodAccessorImpl.invoke(DelegatingMethodAccessorImpl.java:43)
at java.base/java.lang.reflect.Method.invoke(Method.java:564)
at org.testng.internal.MethodInvocationHelper.invokeMethod(MethodInvocationHelper.java:134)
at org.testng.internal.TestInvoker.invokeMethod(TestInvoker.java:597)
at org.testng.internal.TestInvoker.invokeTestMethod(TestInvoker.java:173)
at org.testng.internal.MethodRunner.runInSequence(MethodRunner.java:46)
at org.testng.internal.TestInvoker$MethodInvocationAgent.invoke(TestInvoker.java:816)
at org.testng.internal.TestInvoker.invokeTestMethods(TestInvoker.java:146)
at org.testng.internal.TestMethodWorker.invokeTestMethods(TestMethodWorker.java:146)
at org.testng.internal.TestMethodWorker.run(TestMethodWorker.java:128)
at java.base/java.util.ArrayList.forEach(ArrayList.java:1511)
at org.testng.TestRunner.privateRun(TestRunner.java:766)
at org.testng.TestRunner.run(TestRunner.java:587)
at org.testng.SuiteRunner.runTest(SuiteRunner.java:384)
at org.testng.SuiteRunner.runSequentially(SuiteRunner.java:378)
at org.testng.SuiteRunner.privateRun(SuiteRunner.java:337)
at org.testng.SuiteRunner.run(SuiteRunner.java:286)
at org.testng.SuiteRunnerWorker.runSuite(SuiteRunnerWorker.java:53)
at org.testng.SuiteRunnerWorker.run(SuiteRunnerWorker.java:96)
at org.testng.TestNG.runSuitesSequentially(TestNG.java:1187)
at org.testng.TestNG.runSuitesLocally(TestNG.java:1109)
at org.testng.TestNG.runSuites(TestNG.java:1039)
at org.testng.TestNG.run(TestNG.java:1007)
at org.testng.remote.AbstractRemoteTestNG.run(AbstractRemoteTestNG.java:115)
at org.testng.remote.RemoteTestNG.initAndRun(RemoteTestNG.java:251)
at org.testng.remote.RemoteTestNG.main(RemoteTestNG.java:77)
]]>
    </failure>
  </testcase> <!-- tavoLink -->
  <system-out/>
  <testcase classname="finalProject_zapGuitars.footerTest" name="wisebuyLink" time="6.360"/>
  <system-out/>
  <testcase classname="finalProject_zapGuitars.footerTest" name="zap360Link" time="7.158"/>
  <system-out/>
</testsuite> <!-- finalProject_zapGuitars.footerTest -->
