<?xml version="1.0" encoding="UTF-8"?>
<!-- Generated by org.testng.reporters.JUnitReportReporter -->
<testsuite hostname="LAPTOP-N9575GUA" failures="0" tests="4" name="finalProject_zapGuitars.filtersTest" time="127.884" errors="0" timestamp="2021-02-23T10:14:33 IST" skipped="0">
  <testcase classname="finalProject_zapGuitars.filtersTest" name="yamahaFilter" time="39.132"/>
  <system-out/>
  <testcase classname="finalProject_zapGuitars.filtersTest" name="classicGuitarFilter" time="29.902"/>
  <system-out/>
  <testcase classname="finalProject_zapGuitars.filtersTest" name="priceFilter" time="24.332"/>
  <system-out/>
  <testcase classname="finalProject_zapGuitars.filtersTest" name="removingOneFilter" time="34.518"/>
  <system-out/>
</testsuite> <!-- finalProject_zapGuitars.filtersTest -->
