<?xml version="1.0" encoding="UTF-8"?>
<!-- Generated by org.testng.reporters.JUnitReportReporter -->
<testsuite hostname="LAPTOP-N9575GUA" failures="0" tests="2" name="finalProject_zapGuitars.multiChoiceWinTest" time="9.119" errors="0" timestamp="2021-01-14T11:29:21 IST" skipped="0">
  <testcase classname="finalProject_zapGuitars.multiChoiceWinTest" name="test1" time="5.190"/>
  <system-out/>
  <testcase classname="finalProject_zapGuitars.multiChoiceWinTest" name="test2" time="3.929"/>
  <system-out/>
</testsuite> <!-- finalProject_zapGuitars.multiChoiceWinTest -->
