<?xml version="1.0" encoding="UTF-8"?>
<!-- Generated by org.testng.reporters.JUnitReportReporter -->
<testsuite hostname="LAPTOP-N9575GUA" failures="0" tests="6" name="finalProject_zapGuitars.oneProductPage" time="90.287" errors="0" timestamp="2021-02-17T11:02:45 IST" skipped="0">
  <testcase classname="finalProject_zapGuitars.oneProductPage" name="productHeadlineLink" time="17.940"/>
  <system-out/>
  <testcase classname="finalProject_zapGuitars.oneProductPage" name="productMoreDetails" time="32.734"/>
  <system-out/>
  <testcase classname="finalProject_zapGuitars.oneProductPage" name="productPriceComparison" time="4.181"/>
  <system-out/>
  <testcase classname="finalProject_zapGuitars.oneProductPage" name="localStore" time="4.351"/>
  <system-out/>
  <testcase classname="finalProject_zapGuitars.oneProductPage" name="techSpec" time="11.200"/>
  <system-out/>
  <testcase classname="finalProject_zapGuitars.oneProductPage" name="userReviews" time="19.881"/>
  <system-out/>
</testsuite> <!-- finalProject_zapGuitars.oneProductPage -->
